<?xml version="1.0" encoding="UTF-8"?>
<!-- Generated by org.testng.reporters.JUnitReportReporter -->
<testsuite skipped="0" hostname="Sheriffs-Air" name="com.bjss.tests.MoiTest" tests="1" failures="0" timestamp="16 Feb 2018 23:10:45 GMT" time="0.000" errors="0">
  <testcase name="theTest" time="0.000" classname="com.bjss.tests.MoiTest"/>
</testsuite> <!-- com.bjss.tests.MoiTest -->
